Networking has been disabled
Starting project at C:\Users\User\Dating_app
Metro is running in CI mode, reloads are disabled. Remove CI=true to enable watch mode.
Starting Metro Bundler
warning: Bundler cache is empty, rebuilding (this may take a minute)
Waiting on http://localhost:19014
Logs for your project will appear below.
| expo-router/babel is deprecated in favor of babel-preset-expo in SDK 50. To fix the issue, remove "expo-router/babel" from "plugins" in your babel.config.js file.
| expo-router/babel is deprecated in favor of babel-preset-expo in SDK 50. To fix the issue, remove "expo-router/babel" from "plugins" in your babel.config.js file.
| expo-router/babel is deprecated in favor of babel-preset-expo in SDK 50. To fix the issue, remove "expo-router/babel" from "plugins" in your babel.config.js file.
| expo-router/babel is deprecated in favor of babel-preset-expo in SDK 50. To fix the issue, remove "expo-router/babel" from "plugins" in your babel.config.js file.
| expo-router/babel is deprecated in favor of babel-preset-expo in SDK 50. To fix the issue, remove "expo-router/babel" from "plugins" in your babel.config.js file.
| expo-router/babel is deprecated in favor of babel-preset-expo in SDK 50. To fix the issue, remove "expo-router/babel" from "plugins" in your babel.config.js file.
| expo-router/babel is deprecated in favor of babel-preset-expo in SDK 50. To fix the issue, remove "expo-router/babel" from "plugins" in your babel.config.js file.
| expo-router/babel is deprecated in favor of babel-preset-expo in SDK 50. To fix the issue, remove "expo-router/babel" from "plugins" in your babel.config.js file.
| expo-router/babel is deprecated in favor of babel-preset-expo in SDK 50. To fix the issue, remove "expo-router/babel" from "plugins" in your babel.config.js file.
| expo-router/babel is deprecated in favor of babel-preset-expo in SDK 50. To fix the issue, remove "expo-router/babel" from "plugins" in your babel.config.js file.
Web node_modules\expo-router\entry.js ▓▓▓▓▓▓▓▓▓▓░░░░░░ 67.0% (226/276)
Web Bundled 6155ms node_modules\expo-router\entry.js (895 modules)
 LOG  [web] Logs will appear in the browser console
